# JRE version: OpenJDK Runtime Environment (17.0.7) (build 17.0.7+0-b2043.56-10550314)
# Java VM: OpenJDK 64-Bit Server VM (17.0.7+0-b2043.56-10550314, mixed mode, tiered, compressed oops, compressed class ptrs, g1 gc, windows-amd64)
GC Precious Log:
 CPUs: 12 total, 12 available
 Memory: 15761M
 Large Page Support: Disabled
 NUMA Support: Disabled
 Compressed Oops: Enabled (Zero based)
 Heap Region Size: 2M
 Heap Min Capacity: 8M
 Heap Initial Capacity: 248M
 Heap Max Capacity: 3942M
 Pre-touch: Disabled
 Parallel Workers: 10
 Concurrent Workers: 3
 Concurrent Refinement Workers: 10
 Periodic GC: Disabled
Heap:
 garbage-first heap   total 311296K, used 182100K [0x0000000709a00000, 0x0000000800000000)
  region size 2048K, 44 young (90112K), 7 survivors (14336K)
 Metaspace       used 82608K, committed 82880K, reserved 1179648K
  class space    used 8443K, committed 8576K, reserved 1048576K
GC Heap History (20 events):
Event: 10.166 GC heap before
{Heap before GC invocations=29 (full 0):
 garbage-first heap   total 135168K, used 109328K [0x0000000709a00000, 0x0000000800000000)
  region size 2048K, 19 young (38912K), 2 survivors (4096K)
 Metaspace       used 57852K, committed 58112K, reserved 1114112K
  class space    used 6319K, committed 6464K, reserved 1048576K
}
Event: 10.172 GC heap after
{Heap after GC invocations=30 (full 0):
 garbage-first heap   total 135168K, used 76927K [0x0000000709a00000, 0x0000000800000000)
  region size 2048K, 2 young (4096K), 2 survivors (4096K)
 Metaspace       used 57852K, committed 58112K, reserved 1114112K
  class space    used 6319K, committed 6464K, reserved 1048576K
}
Event: 10.202 GC heap before
{Heap before GC invocations=30 (full 0):
 garbage-first heap   total 135168K, used 78975K [0x0000000709a00000, 0x0000000800000000)
  region size 2048K, 3 young (6144K), 2 survivors (4096K)
 Metaspace       used 57863K, committed 58112K, reserved 1114112K
  class space    used 6319K, committed 6464K, reserved 1048576K
}
Event: 10.207 GC heap after
{Heap after GC invocations=31 (full 0):
 garbage-first heap   total 135168K, used 76607K [0x0000000709a00000, 0x0000000800000000)
  region size 2048K, 1 young (2048K), 1 survivors (2048K)
 Metaspace       used 57863K, committed 58112K, reserved 1114112K
  class space    used 6319K, committed 6464K, reserved 1048576K
}
Event: 10.740 GC heap before
{Heap before GC invocations=31 (full 0):
 garbage-first heap   total 135168K, used 109375K [0x0000000709a00000, 0x0000000800000000)
  region size 2048K, 17 young (34816K), 1 survivors (2048K)
 Metaspace       used 58449K, committed 58624K, reserved 1114112K
  class space    used 6372K, committed 6464K, reserved 1048576K
}
Event: 10.744 GC heap after
{Heap after GC invocations=32 (full 0):
 garbage-first heap   total 163840K, used 77974K [0x0000000709a00000, 0x0000000800000000)
  region size 2048K, 1 young (2048K), 1 survivors (2048K)
 Metaspace       used 58449K, committed 58624K, reserved 1114112K
  class space    used 6372K, committed 6464K, reserved 1048576K
}
Event: 11.462 GC heap before
{Heap before GC invocations=33 (full 0):
 garbage-first heap   total 163840K, used 131222K [0x0000000709a00000, 0x0000000800000000)
  region size 2048K, 27 young (55296K), 1 survivors (2048K)
 Metaspace       used 64700K, committed 64960K, reserved 1114112K
  class space    used 6978K, committed 7104K, reserved 1048576K
}
Event: 11.468 GC heap after
{Heap after GC invocations=34 (full 0):
 garbage-first heap   total 163840K, used 81633K [0x0000000709a00000, 0x0000000800000000)
  region size 2048K, 3 young (6144K), 3 survivors (6144K)
 Metaspace       used 64700K, committed 64960K, reserved 1114112K
  class space    used 6978K, committed 7104K, reserved 1048576K
}
Event: 11.489 GC heap before
{Heap before GC invocations=34 (full 0):
 garbage-first heap   total 163840K, used 83681K [0x0000000709a00000, 0x0000000800000000)
  region size 2048K, 4 young (8192K), 3 survivors (6144K)
 Metaspace       used 64737K, committed 65024K, reserved 1114112K
  class space    used 6978K, committed 7104K, reserved 1048576K
}
Event: 11.496 GC heap after
{Heap after GC invocations=35 (full 0):
 garbage-first heap   total 163840K, used 82127K [0x0000000709a00000, 0x0000000800000000)
  region size 2048K, 1 young (2048K), 1 survivors (2048K)
 Metaspace       used 64737K, committed 65024K, reserved 1114112K
  class space    used 6978K, committed 7104K, reserved 1048576K
}
Event: 12.068 GC heap before
{Heap before GC invocations=35 (full 0):
 garbage-first heap   total 163840K, used 133327K [0x0000000709a00000, 0x0000000800000000)
  region size 2048K, 26 young (53248K), 1 survivors (2048K)
 Metaspace       used 65290K, committed 65536K, reserved 1114112K
  class space    used 7012K, committed 7104K, reserved 1048576K
}
Event: 12.081 GC heap after
{Heap after GC invocations=36 (full 0):
 garbage-first heap   total 163840K, used 91143K [0x0000000709a00000, 0x0000000800000000)
  region size 2048K, 4 young (8192K), 4 survivors (8192K)
 Metaspace       used 65290K, committed 65536K, reserved 1114112K
  class space    used 7012K, committed 7104K, reserved 1048576K
}
Event: 12.677 GC heap before
{Heap before GC invocations=36 (full 0):
 garbage-first heap   total 163840K, used 132103K [0x0000000709a00000, 0x0000000800000000)
  region size 2048K, 24 young (49152K), 4 survivors (8192K)
 Metaspace       used 70425K, committed 70656K, reserved 1114112K
  class space    used 7491K, committed 7616K, reserved 1048576K
}
Event: 12.687 GC heap after
{Heap after GC invocations=37 (full 0):
 garbage-first heap   total 163840K, used 96222K [0x0000000709a00000, 0x0000000800000000)
  region size 2048K, 3 young (6144K), 3 survivors (6144K)
 Metaspace       used 70425K, committed 70656K, reserved 1114112K
  class space    used 7491K, committed 7616K, reserved 1048576K
}
Event: 13.145 GC heap before
{Heap before GC invocations=37 (full 0):
 garbage-first heap   total 163840K, used 133086K [0x0000000709a00000, 0x0000000800000000)
  region size 2048K, 21 young (43008K), 3 survivors (6144K)
 Metaspace       used 74791K, committed 75072K, reserved 1179648K
  class space    used 7952K, committed 8064K, reserved 1048576K
}
Event: 13.155 GC heap after
{Heap after GC invocations=38 (full 0):
 garbage-first heap   total 311296K, used 100871K [0x0000000709a00000, 0x0000000800000000)
  region size 2048K, 3 young (6144K), 3 survivors (6144K)
 Metaspace       used 74791K, committed 75072K, reserved 1179648K
  class space    used 7952K, committed 8064K, reserved 1048576K
}
Event: 13.994 GC heap before
{Heap before GC invocations=38 (full 0):
 garbage-first heap   total 311296K, used 238087K [0x0000000709a00000, 0x0000000800000000)
  region size 2048K, 70 young (143360K), 3 survivors (6144K)
 Metaspace       used 76619K, committed 76864K, reserved 1179648K
  class space    used 8036K, committed 8128K, reserved 1048576K
}
Event: 14.001 GC heap after
{Heap after GC invocations=39 (full 0):
 garbage-first heap   total 311296K, used 103002K [0x0000000709a00000, 0x0000000800000000)
  region size 2048K, 4 young (8192K), 4 survivors (8192K)
 Metaspace       used 76619K, committed 76864K, reserved 1179648K
  class space    used 8036K, committed 8128K, reserved 1048576K
}
Event: 15.126 GC heap before
{Heap before GC invocations=39 (full 0):
 garbage-first heap   total 311296K, used 252506K [0x0000000709a00000, 0x0000000800000000)
  region size 2048K, 77 young (157696K), 4 survivors (8192K)
 Metaspace       used 82108K, committed 82368K, reserved 1179648K
  class space    used 8443K, committed 8576K, reserved 1048576K
}
Event: 15.133 GC heap after
{Heap after GC invocations=40 (full 0):
 garbage-first heap   total 311296K, used 108372K [0x0000000709a00000, 0x0000000800000000)
  region size 2048K, 7 young (14336K), 7 survivors (14336K)
 Metaspace       used 82108K, committed 82368K, reserved 1179648K
  class space    used 8443K, committed 8576K, reserved 1048576K
}

