# JRE version: OpenJDK Runtime Environment (17.0.7) (build 17.0.7+0-b2043.56-10550314)
# Java VM: OpenJDK 64-Bit Server VM (17.0.7+0-b2043.56-10550314, mixed mode, tiered, compressed oops, compressed class ptrs, g1 gc, windows-amd64)
GC Precious Log:
 CPUs: 12 total, 12 available
 Memory: 15761M
 Large Page Support: Disabled
 NUMA Support: Disabled
 Compressed Oops: Enabled (32-bit)
 Heap Region Size: 1M
 Heap Min Capacity: 8M
 Heap Initial Capacity: 248M
 Heap Max Capacity: 2G
 Pre-touch: Disabled
 Parallel Workers: 10
 Concurrent Workers: 3
 Concurrent Refinement Workers: 10
 Periodic GC: Disabled
Heap:
 garbage-first heap   total 180224K, used 147069K [0x0000000080000000, 0x0000000100000000)
  region size 1024K, 60 young (61440K), 4 survivors (4096K)
 Metaspace       used 95632K, committed 96320K, reserved 1179648K
  class space    used 13228K, committed 13568K, reserved 1048576K
GC Heap History (20 events):
Event: 9.451 GC heap before
{Heap before GC invocations=35 (full 0):
 garbage-first heap   total 111616K, used 68664K [0x0000000080000000, 0x0000000100000000)
  region size 1024K, 5 young (5120K), 3 survivors (3072K)
 Metaspace       used 65933K, committed 66496K, reserved 1114112K
  class space    used 8862K, committed 9088K, reserved 1048576K
}
Event: 9.453 GC heap after
{Heap after GC invocations=36 (full 0):
 garbage-first heap   total 111616K, used 66805K [0x0000000080000000, 0x0000000100000000)
  region size 1024K, 1 young (1024K), 1 survivors (1024K)
 Metaspace       used 65933K, committed 66496K, reserved 1114112K
  class space    used 8862K, committed 9088K, reserved 1048576K
}
Event: 9.713 GC heap before
{Heap before GC invocations=36 (full 0):
 garbage-first heap   total 111616K, used 88309K [0x0000000080000000, 0x0000000100000000)
  region size 1024K, 22 young (22528K), 1 survivors (1024K)
 Metaspace       used 67693K, committed 68224K, reserved 1114112K
  class space    used 9080K, committed 9344K, reserved 1048576K
}
Event: 9.714 GC heap after
{Heap after GC invocations=37 (full 0):
 garbage-first heap   total 111616K, used 67774K [0x0000000080000000, 0x0000000100000000)
  region size 1024K, 2 young (2048K), 2 survivors (2048K)
 Metaspace       used 67693K, committed 68224K, reserved 1114112K
  class space    used 9080K, committed 9344K, reserved 1048576K
}
Event: 10.011 GC heap before
{Heap before GC invocations=38 (full 0):
 garbage-first heap   total 117760K, used 89278K [0x0000000080000000, 0x0000000100000000)
  region size 1024K, 24 young (24576K), 2 survivors (2048K)
 Metaspace       used 69430K, committed 70016K, reserved 1114112K
  class space    used 9304K, committed 9536K, reserved 1048576K
}
Event: 10.013 GC heap after
{Heap after GC invocations=39 (full 0):
 garbage-first heap   total 117760K, used 68906K [0x0000000080000000, 0x0000000100000000)
  region size 1024K, 3 young (3072K), 3 survivors (3072K)
 Metaspace       used 69430K, committed 70016K, reserved 1114112K
  class space    used 9304K, committed 9536K, reserved 1048576K
}
Event: 10.059 GC heap before
{Heap before GC invocations=39 (full 0):
 garbage-first heap   total 117760K, used 70954K [0x0000000080000000, 0x0000000100000000)
  region size 1024K, 5 young (5120K), 3 survivors (3072K)
 Metaspace       used 69569K, committed 70144K, reserved 1114112K
  class space    used 9332K, committed 9600K, reserved 1048576K
}
Event: 10.061 GC heap after
{Heap after GC invocations=40 (full 0):
 garbage-first heap   total 117760K, used 68913K [0x0000000080000000, 0x0000000100000000)
  region size 1024K, 1 young (1024K), 1 survivors (1024K)
 Metaspace       used 69569K, committed 70144K, reserved 1114112K
  class space    used 9332K, committed 9600K, reserved 1048576K
}
Event: 10.514 GC heap before
{Heap before GC invocations=40 (full 0):
 garbage-first heap   total 117760K, used 99633K [0x0000000080000000, 0x0000000100000000)
  region size 1024K, 27 young (27648K), 1 survivors (1024K)
 Metaspace       used 71980K, committed 72576K, reserved 1114112K
  class space    used 9703K, committed 9984K, reserved 1048576K
}
Event: 10.516 GC heap after
{Heap after GC invocations=41 (full 0):
 garbage-first heap   total 180224K, used 74046K [0x0000000080000000, 0x0000000100000000)
  region size 1024K, 2 young (2048K), 2 survivors (2048K)
 Metaspace       used 71980K, committed 72576K, reserved 1114112K
  class space    used 9703K, committed 9984K, reserved 1048576K
}
Event: 11.730 GC heap before
{Heap before GC invocations=42 (full 0):
 garbage-first heap   total 180224K, used 143678K [0x0000000080000000, 0x0000000100000000)
  region size 1024K, 70 young (71680K), 2 survivors (2048K)
 Metaspace       used 78137K, committed 78720K, reserved 1179648K
  class space    used 10530K, committed 10816K, reserved 1048576K
}
Event: 11.735 GC heap after
{Heap after GC invocations=43 (full 0):
 garbage-first heap   total 180224K, used 78940K [0x0000000080000000, 0x0000000100000000)
  region size 1024K, 7 young (7168K), 7 survivors (7168K)
 Metaspace       used 78137K, committed 78720K, reserved 1179648K
  class space    used 10530K, committed 10816K, reserved 1048576K
}
Event: 11.750 GC heap before
{Heap before GC invocations=43 (full 0):
 garbage-first heap   total 180224K, used 79964K [0x0000000080000000, 0x0000000100000000)
  region size 1024K, 8 young (8192K), 7 survivors (7168K)
 Metaspace       used 78143K, committed 78720K, reserved 1179648K
  class space    used 10530K, committed 10816K, reserved 1048576K
}
Event: 11.753 GC heap after
{Heap after GC invocations=44 (full 0):
 garbage-first heap   total 180224K, used 79649K [0x0000000080000000, 0x0000000100000000)
  region size 1024K, 1 young (1024K), 1 survivors (1024K)
 Metaspace       used 78143K, committed 78720K, reserved 1179648K
  class space    used 10530K, committed 10816K, reserved 1048576K
}
Event: 12.561 GC heap before
{Heap before GC invocations=44 (full 0):
 garbage-first heap   total 180224K, used 143137K [0x0000000080000000, 0x0000000100000000)
  region size 1024K, 63 young (64512K), 1 survivors (1024K)
 Metaspace       used 81525K, committed 82112K, reserved 1179648K
  class space    used 11031K, committed 11328K, reserved 1048576K
}
Event: 12.563 GC heap after
{Heap after GC invocations=45 (full 0):
 garbage-first heap   total 180224K, used 83187K [0x0000000080000000, 0x0000000100000000)
  region size 1024K, 5 young (5120K), 5 survivors (5120K)
 Metaspace       used 81525K, committed 82112K, reserved 1179648K
  class space    used 11031K, committed 11328K, reserved 1048576K
}
Event: 13.579 GC heap before
{Heap before GC invocations=45 (full 0):
 garbage-first heap   total 180224K, used 143603K [0x0000000080000000, 0x0000000100000000)
  region size 1024K, 64 young (65536K), 5 survivors (5120K)
 Metaspace       used 86085K, committed 86720K, reserved 1179648K
  class space    used 11842K, committed 12160K, reserved 1048576K
}
Event: 13.582 GC heap after
{Heap after GC invocations=46 (full 0):
 garbage-first heap   total 180224K, used 86107K [0x0000000080000000, 0x0000000100000000)
  region size 1024K, 3 young (3072K), 3 survivors (3072K)
 Metaspace       used 86085K, committed 86720K, reserved 1179648K
  class space    used 11842K, committed 12160K, reserved 1048576K
}
Event: 14.437 GC heap before
{Heap before GC invocations=46 (full 0):
 garbage-first heap   total 180224K, used 146523K [0x0000000080000000, 0x0000000100000000)
  region size 1024K, 62 young (63488K), 3 survivors (3072K)
 Metaspace       used 90797K, committed 91456K, reserved 1179648K
  class space    used 12546K, committed 12864K, reserved 1048576K
}
Event: 14.440 GC heap after
{Heap after GC invocations=47 (full 0):
 garbage-first heap   total 180224K, used 89725K [0x0000000080000000, 0x0000000100000000)
  region size 1024K, 7 young (7168K), 7 survivors (7168K)
 Metaspace       used 90797K, committed 91456K, reserved 1179648K
  class space    used 12546K, committed 12864K, reserved 1048576K
}

