# JRE version: OpenJDK Runtime Environment (17.0.7) (build 17.0.7+0-b2043.56-10550314)
# Java VM: OpenJDK 64-Bit Server VM (17.0.7+0-b2043.56-10550314, mixed mode, tiered, compressed oops, compressed class ptrs, g1 gc, windows-amd64)
GC Precious Log:
 CPUs: 12 total, 12 available
 Memory: 15761M
 Large Page Support: Disabled
 NUMA Support: Disabled
 Compressed Oops: Enabled (32-bit)
 Heap Region Size: 1M
 Heap Min Capacity: 8M
 Heap Initial Capacity: 248M
 Heap Max Capacity: 2G
 Pre-touch: Disabled
 Parallel Workers: 10
 Concurrent Workers: 3
 Concurrent Refinement Workers: 10
 Periodic GC: Disabled
Heap:
 garbage-first heap   total 514048K, used 382672K [0x0000000080000000, 0x0000000100000000)
  region size 1024K, 84 young (86016K), 3 survivors (3072K)
 Metaspace       used 211912K, committed 213568K, reserved 1245184K
  class space    used 28093K, committed 28928K, reserved 1048576K
GC Heap History (20 events):
Event: 1733.372 GC heap before
{Heap before GC invocations=78 (full 0):
 garbage-first heap   total 506880K, used 292827K [0x0000000080000000, 0x0000000100000000)
  region size 1024K, 24 young (24576K), 8 survivors (8192K)
 Metaspace       used 189204K, committed 190528K, reserved 1245184K
  class space    used 25178K, committed 25792K, reserved 1048576K
}
Event: 1733.377 GC heap after
{Heap after GC invocations=79 (full 0):
 garbage-first heap   total 506880K, used 271837K [0x0000000080000000, 0x0000000100000000)
  region size 1024K, 3 young (3072K), 3 survivors (3072K)
 Metaspace       used 189204K, committed 190528K, reserved 1245184K
  class space    used 25178K, committed 25792K, reserved 1048576K
}
Event: 1734.586 GC heap before
{Heap before GC invocations=79 (full 0):
 garbage-first heap   total 506880K, used 378333K [0x0000000080000000, 0x0000000100000000)
  region size 1024K, 107 young (109568K), 3 survivors (3072K)
 Metaspace       used 189204K, committed 190528K, reserved 1245184K
  class space    used 25178K, committed 25792K, reserved 1048576K
}
Event: 1734.589 GC heap after
{Heap after GC invocations=80 (full 0):
 garbage-first heap   total 506880K, used 274789K [0x0000000080000000, 0x0000000100000000)
  region size 1024K, 6 young (6144K), 6 survivors (6144K)
 Metaspace       used 189204K, committed 190528K, reserved 1245184K
  class space    used 25178K, committed 25792K, reserved 1048576K
}
Event: 1735.572 GC heap before
{Heap before GC invocations=81 (full 0):
 garbage-first heap   total 506880K, used 388453K [0x0000000080000000, 0x0000000100000000)
  region size 1024K, 117 young (119808K), 6 survivors (6144K)
 Metaspace       used 189204K, committed 190528K, reserved 1245184K
  class space    used 25178K, committed 25792K, reserved 1048576K
}
Event: 1735.577 GC heap after
{Heap after GC invocations=82 (full 0):
 garbage-first heap   total 506880K, used 278251K [0x0000000080000000, 0x0000000100000000)
  region size 1024K, 10 young (10240K), 10 survivors (10240K)
 Metaspace       used 189204K, committed 190528K, reserved 1245184K
  class space    used 25178K, committed 25792K, reserved 1048576K
}
Event: 1735.715 GC heap before
{Heap before GC invocations=82 (full 0):
 garbage-first heap   total 506880K, used 291563K [0x0000000080000000, 0x0000000100000000)
  region size 1024K, 24 young (24576K), 10 survivors (10240K)
 Metaspace       used 189204K, committed 190528K, reserved 1245184K
  class space    used 25178K, committed 25792K, reserved 1048576K
}
Event: 1735.725 GC heap after
{Heap after GC invocations=83 (full 0):
 garbage-first heap   total 506880K, used 273981K [0x0000000080000000, 0x0000000100000000)
  region size 1024K, 3 young (3072K), 3 survivors (3072K)
 Metaspace       used 189204K, committed 190528K, reserved 1245184K
  class space    used 25178K, committed 25792K, reserved 1048576K
}
Event: 1735.847 GC heap before
{Heap before GC invocations=83 (full 0):
 garbage-first heap   total 506880K, used 293437K [0x0000000080000000, 0x0000000100000000)
  region size 1024K, 23 young (23552K), 3 survivors (3072K)
 Metaspace       used 189204K, committed 190528K, reserved 1245184K
  class space    used 25178K, committed 25792K, reserved 1048576K
}
Event: 1735.848 GC heap after
{Heap after GC invocations=84 (full 0):
 garbage-first heap   total 506880K, used 274367K [0x0000000080000000, 0x0000000100000000)
  region size 1024K, 4 young (4096K), 4 survivors (4096K)
 Metaspace       used 189204K, committed 190528K, reserved 1245184K
  class space    used 25178K, committed 25792K, reserved 1048576K
}
Event: 1738.891 GC heap before
{Heap before GC invocations=85 (full 0):
 garbage-first heap   total 514048K, used 414655K [0x0000000080000000, 0x0000000100000000)
  region size 1024K, 124 young (126976K), 4 survivors (4096K)
 Metaspace       used 201000K, committed 202368K, reserved 1245184K
  class space    used 26581K, committed 27264K, reserved 1048576K
}
Event: 1738.905 GC heap after
{Heap after GC invocations=86 (full 0):
 garbage-first heap   total 514048K, used 288541K [0x0000000080000000, 0x0000000100000000)
  region size 1024K, 16 young (16384K), 16 survivors (16384K)
 Metaspace       used 201000K, committed 202368K, reserved 1245184K
  class space    used 26581K, committed 27264K, reserved 1048576K
}
Event: 1738.947 GC heap before
{Heap before GC invocations=86 (full 0):
 garbage-first heap   total 514048K, used 296733K [0x0000000080000000, 0x0000000100000000)
  region size 1024K, 25 young (25600K), 16 survivors (16384K)
 Metaspace       used 201104K, committed 202496K, reserved 1245184K
  class space    used 26595K, committed 27328K, reserved 1048576K
}
Event: 1738.957 GC heap after
{Heap after GC invocations=87 (full 0):
 garbage-first heap   total 514048K, used 287519K [0x0000000080000000, 0x0000000100000000)
  region size 1024K, 2 young (2048K), 2 survivors (2048K)
 Metaspace       used 201104K, committed 202496K, reserved 1245184K
  class space    used 26595K, committed 27328K, reserved 1048576K
}
Event: 1740.466 GC heap before
{Heap before GC invocations=87 (full 0):
 garbage-first heap   total 514048K, used 404255K [0x0000000080000000, 0x0000000100000000)
  region size 1024K, 117 young (119808K), 2 survivors (2048K)
 Metaspace       used 203261K, committed 204672K, reserved 1245184K
  class space    used 26872K, committed 27584K, reserved 1048576K
}
Event: 1740.471 GC heap after
{Heap after GC invocations=88 (full 0):
 garbage-first heap   total 514048K, used 293117K [0x0000000080000000, 0x0000000100000000)
  region size 1024K, 8 young (8192K), 8 survivors (8192K)
 Metaspace       used 203261K, committed 204672K, reserved 1245184K
  class space    used 26872K, committed 27584K, reserved 1048576K
}
Event: 1747.647 GC heap before
{Heap before GC invocations=89 (full 0):
 garbage-first heap   total 514048K, used 411901K [0x0000000080000000, 0x0000000100000000)
  region size 1024K, 124 young (126976K), 8 survivors (8192K)
 Metaspace       used 209875K, committed 211456K, reserved 1245184K
  class space    used 27816K, committed 28608K, reserved 1048576K
}
Event: 1747.655 GC heap after
{Heap after GC invocations=90 (full 0):
 garbage-first heap   total 514048K, used 301603K [0x0000000080000000, 0x0000000100000000)
  region size 1024K, 15 young (15360K), 15 survivors (15360K)
 Metaspace       used 209875K, committed 211456K, reserved 1245184K
  class space    used 27816K, committed 28608K, reserved 1048576K
}
Event: 1747.815 GC heap before
{Heap before GC invocations=90 (full 0):
 garbage-first heap   total 514048K, used 310819K [0x0000000080000000, 0x0000000100000000)
  region size 1024K, 25 young (25600K), 15 survivors (15360K)
 Metaspace       used 211192K, committed 212800K, reserved 1245184K
  class space    used 27996K, committed 28800K, reserved 1048576K
}
Event: 1747.825 GC heap after
{Heap after GC invocations=91 (full 0):
 garbage-first heap   total 514048K, used 300752K [0x0000000080000000, 0x0000000100000000)
  region size 1024K, 3 young (3072K), 3 survivors (3072K)
 Metaspace       used 211192K, committed 212800K, reserved 1245184K
  class space    used 27996K, committed 28800K, reserved 1048576K
}

